Using pre-set license

 COMMAND LINE ARGUMENTS:
/Applications/Unity/Unity.app/Contents/MacOS/Unity
-adb2
-batchMode
-noUpm
-name
AssetImportWorker0
-projectPath
/Users/bitterblue/Documents/GitHub/Project-Sapphire
-logFile
Logs/AssetImportWorker0.log
-srvPort
64805
Successfully changed project path to: /Users/bitterblue/Documents/GitHub/Project-Sapphire
/Users/bitterblue/Documents/GitHub/Project-Sapphire
Using Asset Import Pipeline V2.
Refreshing native plugins compatible for Editor in 45.26 ms, found 1 plugins.
Preloading 0 native plugins for Editor in 0.00 ms.
Initialize engine version: 2020.2.1f1 (270dd8c3da1c)
[Subsystems] Discovering subsystems at path /Applications/Unity/Unity.app/Contents/Resources/UnitySubsystems
[Subsystems] Discovering subsystems at path /Users/bitterblue/Documents/GitHub/Project-Sapphire/Assets
GfxDevice: creating device client; threaded=0
2021-09-28 14:13:14.160 Unity[69912:2169175] Color LCD preferred device: Intel(R) Iris(TM) Plus Graphics 655 (low power)
2021-09-28 14:13:14.160 Unity[69912:2169175] Metal devices available: 1
2021-09-28 14:13:14.160 Unity[69912:2169175] 0: Intel(R) Iris(TM) Plus Graphics 655 (low power)
2021-09-28 14:13:14.161 Unity[69912:2169175] Using device Intel(R) Iris(TM) Plus Graphics 655 (low power)
Initializing Metal device caps: Intel(R) Iris(TM) Plus Graphics 655
Shader 'Universal Render Pipeline/Particles/Lit': fallback shader 'Universal Render Pipeline/Particles/SimpleLit' not found
Initialize mono
Mono path[0] = '/Applications/Unity/Unity.app/Contents/Managed'
Mono path[1] = '/Applications/Unity/Unity.app/Contents/MonoBleedingEdge/lib/mono/unityjit'
Mono config path = '/Applications/Unity/Unity.app/Contents/MonoBleedingEdge/etc'
Using monoOptions --debugger-agent=transport=dt_socket,embedding=1,server=y,suspend=n,address=127.0.0.1:56912
Begin MonoManager ReloadAssembly
Error scanning for extension ivy.xml files: System.UnauthorizedAccessException: Access to the path '/Applications/Unity/PlaybackEngines/WebGLSupport/BuildTools/Emscripten_Mac/node' is denied.
  at System.IO.__Error.WinIOError (System.Int32 errorCode, System.String maybeFullPath) [0x00129] in <9577ac7a62ef43179789031239ba8798>:0 
  at System.IO.FileSystemEnumerableIterator`1[TSource].HandleError (System.Int32 hr, System.String path) [0x00006] in <9577ac7a62ef43179789031239ba8798>:0 
  at System.IO.FileSystemEnumerableIterator`1[TSource].AddSearchableDirsToStack (System.IO.Directory+SearchData localSearchData) [0x00053] in <9577ac7a62ef43179789031239ba8798>:0 
  at System.IO.FileSystemEnumerableIterator`1[TSource].MoveNext () [0x0008e] in <9577ac7a62ef43179789031239ba8798>:0 
  at System.Collections.Generic.List`1[T]..ctor (System.Collections.Generic.IEnumerable`1[T] collection) [0x00077] in <9577ac7a62ef43179789031239ba8798>:0 
  at System.IO.Directory.InternalGetFileDirectoryNames (System.String path, System.String userPathOriginal, System.String searchPattern, System.Boolean includeFiles, System.Boolean includeDirs, System.IO.SearchOption searchOption, System.Boolean checkHost) [0x0000f] in <9577ac7a62ef43179789031239ba8798>:0 
  at System.IO.Directory.InternalGetFiles (System.String path, System.String searchPattern, System.IO.SearchOption searchOption) [0x00000] in <9577ac7a62ef43179789031239ba8798>:0 
  at System.IO.Directory.GetFiles (System.String path, System.String searchPattern, System.IO.SearchOption searchOption) [0x00038] in <9577ac7a62ef43179789031239ba8798>:0 
  at UnityEditor.Modules.ModuleManager.LoadLegacyExtensionsFromIvyFiles () [0x000a5] in /Users/bokken/buildslave/unity/build/Editor/Mono/Modules/ModuleManager.cs:253 
Registering precompiled unity dll's ...
Register platform support module: /Applications/Unity/PlaybackEngines/WebGLSupport/UnityEditor.WebGL.Extensions.dll
Register platform support module: /Applications/Unity/Unity.app/Contents/PlaybackEngines/MacStandaloneSupport/UnityEditor.OSXStandalone.Extensions.dll
Registered in 0.000542 seconds.
Native extension for OSXStandalone target not found
Native extension for WebGL target not found
Refreshing native plugins compatible for Editor in 44.76 ms, found 1 plugins.
Preloading 0 native plugins for Editor in 0.00 ms.
Invoked RoslynAnalysisRunner static constructor.
RoslynAnalysisRunner will not be running.
RoslynAnalysisRunner has terminated.
Mono: successfully reloaded assembly
- Completed reload, in  1.639 seconds
Platform modules already initialized, skipping
Registering precompiled user dll's ...
Registered in 0.001139 seconds.
Begin MonoManager ReloadAssembly
Native extension for OSXStandalone target not found
Native extension for WebGL target not found
Refreshing native plugins compatible for Editor in 44.80 ms, found 1 plugins.
Preloading 0 native plugins for Editor in 0.00 ms.
Invoked RoslynAnalysisRunner static constructor.
RoslynAnalysisRunner will not be running.
RoslynAnalysisRunner has terminated.
Find all reader and writers took 55 milliseconds
Script Module: UnityEngine.UI.dll
Weave behaviours and messages took 49 milliseconds
Find all reader and writers took 32 milliseconds
Script Module: Unity.RenderPipelines.Core.Runtime.dll
Weave behaviours and messages took 25 milliseconds
Find all reader and writers took 31 milliseconds
Script Module: UnityEngine.TestRunner.dll
Weave behaviours and messages took 11 milliseconds
Find all reader and writers took 26 milliseconds
Script Module: Unity.Mathematics.dll
Weave behaviours and messages took 101 milliseconds
Find all reader and writers took 25 milliseconds
Script Module: SimpleWebTransport.dll
Weave behaviours and messages took 3 milliseconds
Find all reader and writers took 31 milliseconds
Script Module: Unity.RenderPipelines.Universal.Runtime.dll
Weave behaviours and messages took 33 milliseconds
Find all reader and writers took 31 milliseconds
Script Module: Unity.TextMeshPro.dll
Weave behaviours and messages took 39 milliseconds
Find all reader and writers took 28 milliseconds
Script Module: kcp2k.dll
Weave behaviours and messages took 2 milliseconds
Find all reader and writers took 26 milliseconds
Script Module: Telepathy.dll
Weave behaviours and messages took 1 milliseconds
Find all reader and writers took 26 milliseconds
Script Module: where-allocations.dll
Weave behaviours and messages took 0 milliseconds
Find all reader and writers took 23 milliseconds
Script Module: Unity.RenderPipelines.Core.ShaderLibrary.dll
Weave behaviours and messages took 0 milliseconds
Find all reader and writers took 25 milliseconds
Script Module: Unity.RenderPipelines.Universal.Shaders.dll
Weave behaviours and messages took 0 milliseconds
Find all reader and writers took 23 milliseconds
Script Module: Unity.RenderPipelines.ShaderGraph.ShaderGraphLibrary.dll
Weave behaviours and messages took 0 milliseconds
Find all reader and writers took 25 milliseconds
Script Module: Unity.RenderPipeline.Universal.ShaderLibrary.dll
Weave behaviours and messages took 0 milliseconds
Find all reader and writers took 40 milliseconds
Script Module: UnityEditor.TestRunner.dll
Weave behaviours and messages took 17 milliseconds
Find all reader and writers took 38 milliseconds
Script Module: UnityEditor.UI.dll
Weave behaviours and messages took 5 milliseconds
Find all reader and writers took 29 milliseconds
Script Module: Unity.ShaderGraph.Utilities.dll
Weave behaviours and messages took 0 milliseconds
Find all reader and writers took 28 milliseconds
Script Module: Mirror.CompilerSymbols.dll
Weave behaviours and messages took 0 milliseconds
Mono: successfully reloaded assembly
- Completed reload, in  2.868 seconds
Platform modules already initialized, skipping
========================================================================
Worker process is ready to serve import requests
Shader 'Universal Render Pipeline/Particles/Lit': fallback shader 'Universal Render Pipeline/Particles/SimpleLit' not found
Launching external process: /Applications/Unity/Unity.app/Contents/Tools/UnityShaderCompiler
Launched and connected shader compiler UnityShaderCompiler after 0.02 seconds
Refreshing native plugins compatible for Editor in 0.51 ms, found 1 plugins.
Preloading 0 native plugins for Editor in 0.00 ms.
Unloading 2253 Unused Serialized files (Serialized files now loaded: 0)
System memory in use before: 195.4 MB.
System memory in use after: 195.0 MB.

Unloading 15 unused Assets to reduce memory usage. Loaded Objects now: 2709.
Total: 4.565481 ms (FindLiveObjects: 0.369974 ms CreateObjectMapping: 0.145603 ms MarkObjects: 3.549702 ms  DeleteObjects: 0.499113 ms)

========================================================================
Received Import Request.
  path: Assets/Models/FPSNetworkPlayerController.prefab
  artifactKey: Guid(5e9e851c0e142814dac026a256ba2ac0) Importer(815301076,1909f56bfc062723c751e8b465ee728b)
Start importing Assets/Models/FPSNetworkPlayerController.prefab using Guid(5e9e851c0e142814dac026a256ba2ac0) Importer(815301076,1909f56bfc062723c751e8b465ee728b)  -> (artifact id: 'cbe61425ca637992955a56de86faba70') in 0.461229 seconds
  Import took 0.465796 seconds .

========================================================================
Received Import Request.
  Time since last request: 1.388495 seconds.
  path: Assets/Models/FPSNetworkPlayerController.prefab
  artifactKey: Guid(5e9e851c0e142814dac026a256ba2ac0) Importer(815301076,1909f56bfc062723c751e8b465ee728b)
Start importing Assets/Models/FPSNetworkPlayerController.prefab using Guid(5e9e851c0e142814dac026a256ba2ac0) Importer(815301076,1909f56bfc062723c751e8b465ee728b)  -> (artifact id: 'cbe61425ca637992955a56de86faba70') in 0.056363 seconds
  Import took 0.060983 seconds .

========================================================================
Received Prepare
Registering precompiled user dll's ...
Registered in 0.007011 seconds.
Begin MonoManager ReloadAssembly
Native extension for OSXStandalone target not found
Native extension for WebGL target not found
Refreshing native plugins compatible for Editor in 0.48 ms, found 1 plugins.
Preloading 0 native plugins for Editor in 0.00 ms.
Invoked RoslynAnalysisRunner static constructor.
RoslynAnalysisRunner will not be running.
RoslynAnalysisRunner has terminated.
Mono: successfully reloaded assembly
- Completed reload, in  0.960 seconds
Platform modules already initialized, skipping
Shader 'Universal Render Pipeline/Particles/Lit': fallback shader 'Universal Render Pipeline/Particles/SimpleLit' not found
Refreshing native plugins compatible for Editor in 0.53 ms, found 1 plugins.
Preloading 0 native plugins for Editor in 0.00 ms.
Unloading 2163 Unused Serialized files (Serialized files now loaded: 0)
System memory in use before: 206.1 MB.
System memory in use after: 205.8 MB.

Unloading 11 unused Assets to reduce memory usage. Loaded Objects now: 2719.
Total: 2.240749 ms (FindLiveObjects: 0.282264 ms CreateObjectMapping: 0.105107 ms MarkObjects: 1.425467 ms  DeleteObjects: 0.426527 ms)

========================================================================
Received Import Request.
  Time since last request: 71.163740 seconds.
  path: Assets/Models/FPSNetworkPlayerController.prefab
  artifactKey: Guid(5e9e851c0e142814dac026a256ba2ac0) Importer(815301076,1909f56bfc062723c751e8b465ee728b)
Start importing Assets/Models/FPSNetworkPlayerController.prefab using Guid(5e9e851c0e142814dac026a256ba2ac0) Importer(815301076,1909f56bfc062723c751e8b465ee728b)  -> (artifact id: 'd0824f35658042557ea1f2491df0553c') in 0.135926 seconds
  Import took 0.141520 seconds .

========================================================================
Received Prepare
Registering precompiled user dll's ...
Registered in 0.001201 seconds.
Begin MonoManager ReloadAssembly
Native extension for OSXStandalone target not found
Native extension for WebGL target not found
Refreshing native plugins compatible for Editor in 0.48 ms, found 1 plugins.
Preloading 0 native plugins for Editor in 0.00 ms.
Invoked RoslynAnalysisRunner static constructor.
RoslynAnalysisRunner will not be running.
RoslynAnalysisRunner has terminated.
Mono: successfully reloaded assembly
- Completed reload, in  0.927 seconds
Platform modules already initialized, skipping
Shader 'Universal Render Pipeline/Particles/Lit': fallback shader 'Universal Render Pipeline/Particles/SimpleLit' not found
Refreshing native plugins compatible for Editor in 0.63 ms, found 1 plugins.
Preloading 0 native plugins for Editor in 0.00 ms.
Unloading 2163 Unused Serialized files (Serialized files now loaded: 0)
System memory in use before: 206.4 MB.
System memory in use after: 206.1 MB.

Unloading 11 unused Assets to reduce memory usage. Loaded Objects now: 2722.
Total: 2.432267 ms (FindLiveObjects: 0.272750 ms CreateObjectMapping: 0.089331 ms MarkObjects: 1.573651 ms  DeleteObjects: 0.495162 ms)

========================================================================
Received Prepare
Registering precompiled user dll's ...
Registered in 0.001211 seconds.
Begin MonoManager ReloadAssembly
Native extension for OSXStandalone target not found
Native extension for WebGL target not found
Refreshing native plugins compatible for Editor in 0.51 ms, found 1 plugins.
Preloading 0 native plugins for Editor in 0.00 ms.
Invoked RoslynAnalysisRunner static constructor.
RoslynAnalysisRunner will not be running.
RoslynAnalysisRunner has terminated.
Mono: successfully reloaded assembly
- Completed reload, in  0.908 seconds
Platform modules already initialized, skipping
Shader 'Universal Render Pipeline/Particles/Lit': fallback shader 'Universal Render Pipeline/Particles/SimpleLit' not found
Refreshing native plugins compatible for Editor in 0.45 ms, found 1 plugins.
Preloading 0 native plugins for Editor in 0.00 ms.
Unloading 2163 Unused Serialized files (Serialized files now loaded: 0)
System memory in use before: 206.6 MB.
System memory in use after: 206.4 MB.

Unloading 11 unused Assets to reduce memory usage. Loaded Objects now: 2724.
Total: 2.515436 ms (FindLiveObjects: 0.364644 ms CreateObjectMapping: 0.093104 ms MarkObjects: 1.475676 ms  DeleteObjects: 0.580163 ms)

========================================================================
Received Import Request.
  Time since last request: 449.267102 seconds.
  path: Assets/Scenes/Master/Main.unity
  artifactKey: Guid(9fc0d4010bbf28b4594072e72b8655ab) Importer(815301076,1909f56bfc062723c751e8b465ee728b)
Start importing Assets/Scenes/Master/Main.unity using Guid(9fc0d4010bbf28b4594072e72b8655ab) Importer(815301076,1909f56bfc062723c751e8b465ee728b)  -> (artifact id: '3b2532bba19fef60af3617d6b212b723') in 0.024513 seconds
  Import took 0.032933 seconds .

========================================================================
Received Import Request.
  Time since last request: 0.424594 seconds.
  path: Assets/Scenes/Master/MainSettings.lighting
  artifactKey: Guid(394906b82bd85859794698e56e1a38cb) Importer(815301076,1909f56bfc062723c751e8b465ee728b)
Start importing Assets/Scenes/Master/MainSettings.lighting using Guid(394906b82bd85859794698e56e1a38cb) Importer(815301076,1909f56bfc062723c751e8b465ee728b)  -> (artifact id: '52b279544f87bf8c47210048280c9b46') in 0.170131 seconds
  Import took 0.174529 seconds .

========================================================================
Received Prepare
Registering precompiled user dll's ...
Registered in 0.004687 seconds.
Begin MonoManager ReloadAssembly
Native extension for OSXStandalone target not found
Native extension for WebGL target not found
Refreshing native plugins compatible for Editor in 0.52 ms, found 1 plugins.
Preloading 0 native plugins for Editor in 0.00 ms.
Invoked RoslynAnalysisRunner static constructor.
RoslynAnalysisRunner will not be running.
RoslynAnalysisRunner has terminated.
Mono: successfully reloaded assembly
- Completed reload, in  1.084 seconds
Platform modules already initialized, skipping
Shader 'Universal Render Pipeline/Particles/Lit': fallback shader 'Universal Render Pipeline/Particles/SimpleLit' not found
Refreshing native plugins compatible for Editor in 0.51 ms, found 1 plugins.
Preloading 0 native plugins for Editor in 0.00 ms.
Unloading 2166 Unused Serialized files (Serialized files now loaded: 0)
System memory in use before: 210.7 MB.
System memory in use after: 210.4 MB.

Unloading 11 unused Assets to reduce memory usage. Loaded Objects now: 2726.
Total: 3.062853 ms (FindLiveObjects: 0.579954 ms CreateObjectMapping: 0.193388 ms MarkObjects: 1.762088 ms  DeleteObjects: 0.526233 ms)

========================================================================
Received Prepare
Shader 'Universal Render Pipeline/Particles/Lit': fallback shader 'Universal Render Pipeline/Particles/SimpleLit' not found
Refreshing native plugins compatible for Editor in 1.79 ms, found 1 plugins.
Preloading 0 native plugins for Editor in 0.00 ms.
Unloading 10 Unused Serialized files (Serialized files now loaded: 0)
System memory in use before: 168.0 MB.
System memory in use after: 167.7 MB.

Unloading 9 unused Assets to reduce memory usage. Loaded Objects now: 2726.
Total: 2.954566 ms (FindLiveObjects: 0.324135 ms CreateObjectMapping: 0.122450 ms MarkObjects: 1.845096 ms  DeleteObjects: 0.661441 ms)

========================================================================
Received Prepare
Registering precompiled user dll's ...
Registered in 0.004280 seconds.
Begin MonoManager ReloadAssembly
Native extension for OSXStandalone target not found
Native extension for WebGL target not found
Refreshing native plugins compatible for Editor in 0.54 ms, found 1 plugins.
Preloading 0 native plugins for Editor in 0.00 ms.
Invoked RoslynAnalysisRunner static constructor.
RoslynAnalysisRunner will not be running.
RoslynAnalysisRunner has terminated.
Mono: successfully reloaded assembly
- Completed reload, in  1.183 seconds
Platform modules already initialized, skipping
Shader 'Universal Render Pipeline/Particles/Lit': fallback shader 'Universal Render Pipeline/Particles/SimpleLit' not found
Refreshing native plugins compatible for Editor in 0.53 ms, found 1 plugins.
Preloading 0 native plugins for Editor in 0.00 ms.
Unloading 2166 Unused Serialized files (Serialized files now loaded: 0)
System memory in use before: 211.2 MB.
System memory in use after: 211.0 MB.

Unloading 11 unused Assets to reduce memory usage. Loaded Objects now: 2728.
Total: 3.035844 ms (FindLiveObjects: 0.386757 ms CreateObjectMapping: 0.130377 ms MarkObjects: 1.944545 ms  DeleteObjects: 0.572709 ms)

========================================================================
Received Prepare
Shader 'Universal Render Pipeline/Particles/Lit': fallback shader 'Universal Render Pipeline/Particles/SimpleLit' not found
Refreshing native plugins compatible for Editor in 1.52 ms, found 1 plugins.
Preloading 0 native plugins for Editor in 0.00 ms.
Unloading 10 Unused Serialized files (Serialized files now loaded: 0)
System memory in use before: 168.5 MB.
System memory in use after: 168.3 MB.

Unloading 9 unused Assets to reduce memory usage. Loaded Objects now: 2728.
Total: 4.112479 ms (FindLiveObjects: 0.646228 ms CreateObjectMapping: 0.217395 ms MarkObjects: 2.499123 ms  DeleteObjects: 0.747472 ms)

========================================================================
Received Prepare
Shader 'Universal Render Pipeline/Particles/Lit': fallback shader 'Universal Render Pipeline/Particles/SimpleLit' not found
Refreshing native plugins compatible for Editor in 2.11 ms, found 1 plugins.
Preloading 0 native plugins for Editor in 0.00 ms.
Unloading 10 Unused Serialized files (Serialized files now loaded: 0)
System memory in use before: 168.5 MB.
System memory in use after: 168.3 MB.

Unloading 9 unused Assets to reduce memory usage. Loaded Objects now: 2728.
Total: 3.923122 ms (FindLiveObjects: 0.437432 ms CreateObjectMapping: 0.150005 ms MarkObjects: 2.453172 ms  DeleteObjects: 0.881017 ms)

========================================================================
Received Prepare
Registering precompiled user dll's ...
Registered in 0.001492 seconds.
Begin MonoManager ReloadAssembly
Native extension for OSXStandalone target not found
Native extension for WebGL target not found
Refreshing native plugins compatible for Editor in 0.51 ms, found 1 plugins.
Preloading 0 native plugins for Editor in 0.00 ms.
Invoked RoslynAnalysisRunner static constructor.
RoslynAnalysisRunner will not be running.
RoslynAnalysisRunner has terminated.
Mono: successfully reloaded assembly
- Completed reload, in  1.092 seconds
Platform modules already initialized, skipping
Shader 'Universal Render Pipeline/Particles/Lit': fallback shader 'Universal Render Pipeline/Particles/SimpleLit' not found
Refreshing native plugins compatible for Editor in 0.56 ms, found 1 plugins.
Preloading 0 native plugins for Editor in 0.00 ms.
Unloading 2163 Unused Serialized files (Serialized files now loaded: 0)
System memory in use before: 211.6 MB.
System memory in use after: 211.3 MB.

Unloading 11 unused Assets to reduce memory usage. Loaded Objects now: 2730.
Total: 3.331376 ms (FindLiveObjects: 0.364334 ms CreateObjectMapping: 0.128212 ms MarkObjects: 2.170272 ms  DeleteObjects: 0.666819 ms)

========================================================================
Received Import Request.
  Time since last request: 822.124896 seconds.
  path: Assets/Imported/Standard Assets/CrossPlatformInput/Scripts/MobileControlRig.cs
  artifactKey: Guid(71398ce7fbc3a5b4fa50b50bd54317a7) Importer(815301076,1909f56bfc062723c751e8b465ee728b)
Start importing Assets/Imported/Standard Assets/CrossPlatformInput/Scripts/MobileControlRig.cs using Guid(71398ce7fbc3a5b4fa50b50bd54317a7) Importer(815301076,1909f56bfc062723c751e8b465ee728b)  -> (artifact id: 'ac8b41b706d689db6f9379fc2c6ada0f') in 0.358296 seconds
  Import took 0.363197 seconds .

========================================================================
Received Prepare
Registering precompiled user dll's ...
Registered in 0.001180 seconds.
Begin MonoManager ReloadAssembly
Native extension for OSXStandalone target not found
Native extension for WebGL target not found
Refreshing native plugins compatible for Editor in 0.66 ms, found 1 plugins.
Preloading 0 native plugins for Editor in 0.00 ms.
Invoked RoslynAnalysisRunner static constructor.
RoslynAnalysisRunner will not be running.
RoslynAnalysisRunner has terminated.
Mono: successfully reloaded assembly
- Completed reload, in  1.131 seconds
Platform modules already initialized, skipping
Shader 'Universal Render Pipeline/Particles/Lit': fallback shader 'Universal Render Pipeline/Particles/SimpleLit' not found
Refreshing native plugins compatible for Editor in 0.50 ms, found 1 plugins.
Preloading 0 native plugins for Editor in 0.00 ms.
Unloading 2162 Unused Serialized files (Serialized files now loaded: 0)
System memory in use before: 216.0 MB.
System memory in use after: 215.7 MB.

Unloading 11 unused Assets to reduce memory usage. Loaded Objects now: 2732.
Total: 2.856083 ms (FindLiveObjects: 0.263502 ms CreateObjectMapping: 0.085365 ms MarkObjects: 1.879215 ms  DeleteObjects: 0.626398 ms)

========================================================================
Received Prepare
Registering precompiled user dll's ...
Registered in 0.002267 seconds.
Begin MonoManager ReloadAssembly
Native extension for OSXStandalone target not found
Native extension for WebGL target not found
Refreshing native plugins compatible for Editor in 0.59 ms, found 1 plugins.
Preloading 0 native plugins for Editor in 0.00 ms.
Invoked RoslynAnalysisRunner static constructor.
RoslynAnalysisRunner will not be running.
RoslynAnalysisRunner has terminated.
Mono: successfully reloaded assembly
- Completed reload, in  0.951 seconds
Platform modules already initialized, skipping
Shader 'Universal Render Pipeline/Particles/Lit': fallback shader 'Universal Render Pipeline/Particles/SimpleLit' not found
Refreshing native plugins compatible for Editor in 0.51 ms, found 1 plugins.
Preloading 0 native plugins for Editor in 0.00 ms.
Unloading 2162 Unused Serialized files (Serialized files now loaded: 0)
System memory in use before: 216.2 MB.
System memory in use after: 215.9 MB.

Unloading 11 unused Assets to reduce memory usage. Loaded Objects now: 2734.
Total: 3.543152 ms (FindLiveObjects: 0.405976 ms CreateObjectMapping: 0.109150 ms MarkObjects: 2.442796 ms  DeleteObjects: 0.583751 ms)

========================================================================
Received Prepare
Registering precompiled user dll's ...
Registered in 0.001478 seconds.
Begin MonoManager ReloadAssembly
Native extension for OSXStandalone target not found
Native extension for WebGL target not found
Refreshing native plugins compatible for Editor in 0.80 ms, found 1 plugins.
Preloading 0 native plugins for Editor in 0.00 ms.
Invoked RoslynAnalysisRunner static constructor.
RoslynAnalysisRunner will not be running.
RoslynAnalysisRunner has terminated.
Mono: successfully reloaded assembly
- Completed reload, in  1.029 seconds
Platform modules already initialized, skipping
Shader 'Universal Render Pipeline/Particles/Lit': fallback shader 'Universal Render Pipeline/Particles/SimpleLit' not found
Refreshing native plugins compatible for Editor in 0.49 ms, found 1 plugins.
Preloading 0 native plugins for Editor in 0.00 ms.
Unloading 2162 Unused Serialized files (Serialized files now loaded: 0)
System memory in use before: 216.4 MB.
System memory in use after: 216.1 MB.

Unloading 11 unused Assets to reduce memory usage. Loaded Objects now: 2736.
Total: 3.356534 ms (FindLiveObjects: 0.363794 ms CreateObjectMapping: 0.162549 ms MarkObjects: 2.173275 ms  DeleteObjects: 0.655099 ms)

========================================================================
Received Prepare
Registering precompiled user dll's ...
Registered in 0.001251 seconds.
Begin MonoManager ReloadAssembly
Native extension for OSXStandalone target not found
Native extension for WebGL target not found
Refreshing native plugins compatible for Editor in 0.48 ms, found 1 plugins.
Preloading 0 native plugins for Editor in 0.00 ms.
Invoked RoslynAnalysisRunner static constructor.
RoslynAnalysisRunner will not be running.
RoslynAnalysisRunner has terminated.
Mono: successfully reloaded assembly
- Completed reload, in  1.076 seconds
Platform modules already initialized, skipping
Shader 'Universal Render Pipeline/Particles/Lit': fallback shader 'Universal Render Pipeline/Particles/SimpleLit' not found
Refreshing native plugins compatible for Editor in 0.48 ms, found 1 plugins.
Preloading 0 native plugins for Editor in 0.00 ms.
Unloading 2162 Unused Serialized files (Serialized files now loaded: 0)
System memory in use before: 216.5 MB.
System memory in use after: 216.2 MB.

Unloading 11 unused Assets to reduce memory usage. Loaded Objects now: 2738.
Total: 2.717379 ms (FindLiveObjects: 0.303316 ms CreateObjectMapping: 0.109633 ms MarkObjects: 1.657404 ms  DeleteObjects: 0.645425 ms)

========================================================================
Received Prepare
Registering precompiled user dll's ...
Registered in 0.001573 seconds.
Begin MonoManager ReloadAssembly
Native extension for OSXStandalone target not found
Native extension for WebGL target not found
Refreshing native plugins compatible for Editor in 0.68 ms, found 1 plugins.
Preloading 0 native plugins for Editor in 0.00 ms.
Invoked RoslynAnalysisRunner static constructor.
RoslynAnalysisRunner will not be running.
RoslynAnalysisRunner has terminated.
Mono: successfully reloaded assembly
- Completed reload, in  1.008 seconds
Platform modules already initialized, skipping
Shader 'Universal Render Pipeline/Particles/Lit': fallback shader 'Universal Render Pipeline/Particles/SimpleLit' not found
Refreshing native plugins compatible for Editor in 0.48 ms, found 1 plugins.
Preloading 0 native plugins for Editor in 0.00 ms.
Unloading 2162 Unused Serialized files (Serialized files now loaded: 0)
System memory in use before: 216.8 MB.
System memory in use after: 216.6 MB.

Unloading 11 unused Assets to reduce memory usage. Loaded Objects now: 2740.
Total: 2.378863 ms (FindLiveObjects: 0.302765 ms CreateObjectMapping: 0.086196 ms MarkObjects: 1.472114 ms  DeleteObjects: 0.516148 ms)

========================================================================
Received Import Request.
  Time since last request: 292.662857 seconds.
  path: Assets/NormalMap/concrete_NRM.png
  artifactKey: Guid(7236773b58e044b54b01f0d1ef004895) Importer(815301076,1909f56bfc062723c751e8b465ee728b)
Start importing Assets/NormalMap/concrete_NRM.png using Guid(7236773b58e044b54b01f0d1ef004895) Importer(815301076,1909f56bfc062723c751e8b465ee728b)  -> (artifact id: '6dd3e79d5531666a6356b5fd9924d06d') in 0.382657 seconds
  Import took 0.386879 seconds .

========================================================================
Received Import Request.
  Time since last request: 0.000196 seconds.
  path: Assets/NormalMap/Ex04.png
  artifactKey: Guid(a151a5e9a7bb60345a418d906f6c2529) Importer(815301076,1909f56bfc062723c751e8b465ee728b)
Start importing Assets/NormalMap/Ex04.png using Guid(a151a5e9a7bb60345a418d906f6c2529) Importer(815301076,1909f56bfc062723c751e8b465ee728b)  -> (artifact id: 'ada1585643a83622c241432f7b5d46fe') in 0.008183 seconds
  Import took 0.011800 seconds .

========================================================================
Received Import Request.
  Time since last request: 0.000212 seconds.
  path: Assets/NormalMap/Snow_04_Mask.tif
  artifactKey: Guid(c492f97ff195d2e479e638defe2b66bc) Importer(815301076,1909f56bfc062723c751e8b465ee728b)
Start importing Assets/NormalMap/Snow_04_Mask.tif using Guid(c492f97ff195d2e479e638defe2b66bc) Importer(815301076,1909f56bfc062723c751e8b465ee728b)  -> (artifact id: '2aa7d0caab57bebdc55cffa8c43238c5') in 0.344674 seconds
  Import took 0.348635 seconds .

========================================================================
Received Import Request.
  Time since last request: 0.000212 seconds.
  path: Assets/NormalMap/Leaves_02_Albedo.tif
  artifactKey: Guid(d048976a79c504f4bbea1bc1415ace83) Importer(815301076,1909f56bfc062723c751e8b465ee728b)
Start importing Assets/NormalMap/Leaves_02_Albedo.tif using Guid(d048976a79c504f4bbea1bc1415ace83) Importer(815301076,1909f56bfc062723c751e8b465ee728b)  -> (artifact id: '34e2c3ada3af415cb054d7102851eebc') in 0.019299 seconds
  Import took 0.022779 seconds .

========================================================================
Received Import Request.
  Time since last request: 0.000192 seconds.
  path: Assets/NormalMap/H021.png
  artifactKey: Guid(07e64a03da19a814fa8f54fad021c425) Importer(815301076,1909f56bfc062723c751e8b465ee728b)
Start importing Assets/NormalMap/H021.png using Guid(07e64a03da19a814fa8f54fad021c425) Importer(815301076,1909f56bfc062723c751e8b465ee728b)  -> (artifact id: '2c73c8f41521d381d64d7e7abc1e5943') in 0.009642 seconds
  Import took 0.014106 seconds .

========================================================================
Received Import Request.
  Time since last request: 0.000265 seconds.
  path: Assets/NormalMap/Leaves_02_AO.tif
  artifactKey: Guid(fa23c0b762bb61445ad6b7f1e96929fc) Importer(815301076,1909f56bfc062723c751e8b465ee728b)
Start importing Assets/NormalMap/Leaves_02_AO.tif using Guid(fa23c0b762bb61445ad6b7f1e96929fc) Importer(815301076,1909f56bfc062723c751e8b465ee728b)  -> (artifact id: 'f3fbce134c7f47951e1b037412be0fde') in 0.019011 seconds
  Import took 0.024190 seconds .

========================================================================
Received Import Request.
  Time since last request: 0.000218 seconds.
  path: Assets/NormalMap/paper-normal.jpg
  artifactKey: Guid(921c96eb6730047c1b7e5c6c2f698e52) Importer(815301076,1909f56bfc062723c751e8b465ee728b)
Start importing Assets/NormalMap/paper-normal.jpg using Guid(921c96eb6730047c1b7e5c6c2f698e52) Importer(815301076,1909f56bfc062723c751e8b465ee728b)  -> (artifact id: 'a4a9e0134fe219724402861bcfea4015') in 0.369769 seconds
  Import took 0.373759 seconds .

========================================================================
Received Import Request.
  Time since last request: 0.000334 seconds.
  path: Assets/NormalMap/Snow_01_Albedo.tif
  artifactKey: Guid(b94a53fe693b5ff41a047d57dc3d96ea) Importer(815301076,1909f56bfc062723c751e8b465ee728b)
Start importing Assets/NormalMap/Snow_01_Albedo.tif using Guid(b94a53fe693b5ff41a047d57dc3d96ea) Importer(815301076,1909f56bfc062723c751e8b465ee728b)  -> (artifact id: '2c8262ebe92a84039b2bfb5bf05d866c') in 0.009849 seconds
  Import took 0.012914 seconds .

========================================================================
Received Import Request.
  Time since last request: 0.000340 seconds.
  path: Assets/NormalMap/W136_fine3.png
  artifactKey: Guid(9efa2649646d1bd42af99e3e3080fb47) Importer(815301076,1909f56bfc062723c751e8b465ee728b)
Start importing Assets/NormalMap/W136_fine3.png using Guid(9efa2649646d1bd42af99e3e3080fb47) Importer(815301076,1909f56bfc062723c751e8b465ee728b)  -> (artifact id: '8a74cba053068236c11badc0698acf8f') in 0.006599 seconds
  Import took 0.009917 seconds .

========================================================================
Received Import Request.
  Time since last request: 0.000272 seconds.
  path: Assets/NormalMap/Snow_02_AO.tif
  artifactKey: Guid(cfd146c9a7c5cea45bb779e5486369e5) Importer(815301076,1909f56bfc062723c751e8b465ee728b)
Start importing Assets/NormalMap/Snow_02_AO.tif using Guid(cfd146c9a7c5cea45bb779e5486369e5) Importer(815301076,1909f56bfc062723c751e8b465ee728b)  -> (artifact id: 'ffdef1ae4c122f38601bc5f7c268c9f2') in 0.013857 seconds
  Import took 0.017004 seconds .

========================================================================
Received Import Request.
  Time since last request: 0.000203 seconds.
  path: Assets/NormalMap/W134_rough.png
  artifactKey: Guid(6a9730ed3a6e15145a56c9dd90828a07) Importer(815301076,1909f56bfc062723c751e8b465ee728b)
Start importing Assets/NormalMap/W134_rough.png using Guid(6a9730ed3a6e15145a56c9dd90828a07) Importer(815301076,1909f56bfc062723c751e8b465ee728b)  -> (artifact id: '87b66d6942e2e6db5107811099047572') in 0.008623 seconds
  Import took 0.012135 seconds .

========================================================================
Received Import Request.
  Time since last request: 0.000196 seconds.
  path: Assets/NormalMap/W141.png
  artifactKey: Guid(3b9278895923386408195949d00ce5c3) Importer(815301076,1909f56bfc062723c751e8b465ee728b)
Start importing Assets/NormalMap/W141.png using Guid(3b9278895923386408195949d00ce5c3) Importer(815301076,1909f56bfc062723c751e8b465ee728b)  -> (artifact id: '3b174bafcd7e542bc965d74eac71f825') in 0.007905 seconds
  Import took 0.011247 seconds .

========================================================================
Received Import Request.
  Time since last request: 0.000177 seconds.
  path: Assets/NormalMap/Snow_03_Roughness.tif
  artifactKey: Guid(6e394d525def818439e10e9b819df348) Importer(815301076,1909f56bfc062723c751e8b465ee728b)
Start importing Assets/NormalMap/Snow_03_Roughness.tif using Guid(6e394d525def818439e10e9b819df348) Importer(815301076,1909f56bfc062723c751e8b465ee728b)  -> (artifact id: '21b6ca1d61c7c84fc50816c278f8b47e') in 0.009288 seconds
  Import took 0.012606 seconds .

========================================================================
Received Import Request.
  Time since last request: 0.000208 seconds.
  path: Assets/NormalMap/W132.png
  artifactKey: Guid(a35ff7196c902114181f4719425feeb8) Importer(815301076,1909f56bfc062723c751e8b465ee728b)
Start importing Assets/NormalMap/W132.png using Guid(a35ff7196c902114181f4719425feeb8) Importer(815301076,1909f56bfc062723c751e8b465ee728b)  -> (artifact id: '957ba5128312f01f4099662aa4897932') in 0.007751 seconds
  Import took 0.010652 seconds .

========================================================================
Received Import Request.
  Time since last request: 0.000194 seconds.
  path: Assets/NormalMap/Snow_02_Mask.tif
  artifactKey: Guid(e7aceb8447af1894fa891904b30721cf) Importer(815301076,1909f56bfc062723c751e8b465ee728b)
Start importing Assets/NormalMap/Snow_02_Mask.tif using Guid(e7aceb8447af1894fa891904b30721cf) Importer(815301076,1909f56bfc062723c751e8b465ee728b)  -> (artifact id: 'd022b8c95835fbf319f30bba2fc9a109') in 0.009482 seconds
  Import took 0.012731 seconds .

========================================================================
Received Import Request.
  Time since last request: 0.000235 seconds.
  path: Assets/NormalMap/Leaves_02_Mask.tif
  artifactKey: Guid(53fb61db930485c44b29456025c1a31c) Importer(815301076,1909f56bfc062723c751e8b465ee728b)
Start importing Assets/NormalMap/Leaves_02_Mask.tif using Guid(53fb61db930485c44b29456025c1a31c) Importer(815301076,1909f56bfc062723c751e8b465ee728b)  -> (artifact id: '8607803dd7fabc3bc608f5ba96e87c57') in 0.009574 seconds
  Import took 0.012541 seconds .

========================================================================
Received Import Request.
  Time since last request: 0.000326 seconds.
  path: Assets/NormalMap/water-normal.jpg
  artifactKey: Guid(b820574a9aad44192a0fd40e363fe415) Importer(815301076,1909f56bfc062723c751e8b465ee728b)
Start importing Assets/NormalMap/water-normal.jpg using Guid(b820574a9aad44192a0fd40e363fe415) Importer(815301076,1909f56bfc062723c751e8b465ee728b)  -> (artifact id: 'b3199dcb3475136fc5b6f2b94cb79d23') in 0.008972 seconds
  Import took 0.012263 seconds .

========================================================================
Received Import Request.
  Time since last request: 0.000236 seconds.
  path: Assets/NormalMap/W050.png
  artifactKey: Guid(fc5c28723c88b734c9a6e1ae6c847849) Importer(815301076,1909f56bfc062723c751e8b465ee728b)
Start importing Assets/NormalMap/W050.png using Guid(fc5c28723c88b734c9a6e1ae6c847849) Importer(815301076,1909f56bfc062723c751e8b465ee728b)  -> (artifact id: '947d41095944b5f2060412e2efa156ad') in 0.006902 seconds
  Import took 0.010079 seconds .

========================================================================
Received Import Request.
  Time since last request: 0.000180 seconds.
  path: Assets/NormalMap/Snow_04_Roughness.tif
  artifactKey: Guid(cb50613dc0944d446949cc14ea392a06) Importer(815301076,1909f56bfc062723c751e8b465ee728b)
Start importing Assets/NormalMap/Snow_04_Roughness.tif using Guid(cb50613dc0944d446949cc14ea392a06) Importer(815301076,1909f56bfc062723c751e8b465ee728b)  -> (artifact id: '3186e428c9d01d08141a3e0172e03aef') in 0.008737 seconds
  Import took 0.011795 seconds .

========================================================================
Received Import Request.
  Time since last request: 0.000363 seconds.
  path: Assets/NormalMap/Leaves_02_Height.tif
  artifactKey: Guid(6684b9bec8b924d46a004d7380cfc5d2) Importer(815301076,1909f56bfc062723c751e8b465ee728b)
Start importing Assets/NormalMap/Leaves_02_Height.tif using Guid(6684b9bec8b924d46a004d7380cfc5d2) Importer(815301076,1909f56bfc062723c751e8b465ee728b)  -> (artifact id: 'aa505bfa8ecbac28d4b9ca312f7c7c92') in 0.015501 seconds
  Import took 0.018930 seconds .

========================================================================
Received Import Request.
  Time since last request: 0.000255 seconds.
  path: Assets/NormalMap/Snow_01_AO.tif
  artifactKey: Guid(60f315a6f6e3e654f94eecdb574c7929) Importer(815301076,1909f56bfc062723c751e8b465ee728b)
Start importing Assets/NormalMap/Snow_01_AO.tif using Guid(60f315a6f6e3e654f94eecdb574c7929) Importer(815301076,1909f56bfc062723c751e8b465ee728b)  -> (artifact id: '36a913eab725f1cdb7c6c3c25cd86b92') in 0.009743 seconds
  Import took 0.014194 seconds .

========================================================================
Received Import Request.
  Time since last request: 0.000258 seconds.
  path: Assets/NormalMap/Snow_03_Albedo.tif
  artifactKey: Guid(9376050375f01e64c9b92c8ddcda7d2c) Importer(815301076,1909f56bfc062723c751e8b465ee728b)
Start importing Assets/NormalMap/Snow_03_Albedo.tif using Guid(9376050375f01e64c9b92c8ddcda7d2c) Importer(815301076,1909f56bfc062723c751e8b465ee728b)  -> (artifact id: 'b9ba5d175a02ff8c1fc2b7cbc10c43be') in 0.009648 seconds
  Import took 0.012551 seconds .

========================================================================
Received Import Request.
  Time since last request: 0.000283 seconds.
  path: Assets/NormalMap/Snow_03_Mask.tif
  artifactKey: Guid(83f64c49b84e8034ba89155269e4a6a6) Importer(815301076,1909f56bfc062723c751e8b465ee728b)
Start importing Assets/NormalMap/Snow_03_Mask.tif using Guid(83f64c49b84e8034ba89155269e4a6a6) Importer(815301076,1909f56bfc062723c751e8b465ee728b)  -> (artifact id: '9932d01f18cfe04e1a2ae3a098b3e203') in 0.009056 seconds
  Import took 0.012636 seconds .

========================================================================
Received Import Request.
  Time since last request: 0.000208 seconds.
  path: Assets/NormalMap/Leaves_01_Height.tif
  artifactKey: Guid(7aaafb762f47dad439a6d4dbcd440cb2) Importer(815301076,1909f56bfc062723c751e8b465ee728b)
Start importing Assets/NormalMap/Leaves_01_Height.tif using Guid(7aaafb762f47dad439a6d4dbcd440cb2) Importer(815301076,1909f56bfc062723c751e8b465ee728b)  -> (artifact id: 'dc58e63910daf9a472da01dbace7ff05') in 0.013457 seconds
  Import took 0.017041 seconds .

========================================================================
Received Import Request.
  Time since last request: 0.000240 seconds.
  path: Assets/NormalMap/rock-normal.jpg
  artifactKey: Guid(aba066eed43ae45d5ae2efde82601044) Importer(815301076,1909f56bfc062723c751e8b465ee728b)
Start importing Assets/NormalMap/rock-normal.jpg using Guid(aba066eed43ae45d5ae2efde82601044) Importer(815301076,1909f56bfc062723c751e8b465ee728b)  -> (artifact id: 'c8575630c0b5b7d37181cfbf607e2d11') in 0.008078 seconds
  Import took 0.011477 seconds .

========================================================================
Received Import Request.
  Time since last request: 0.000227 seconds.
  path: Assets/NormalMap/Snow_01_NM.tif
  artifactKey: Guid(a6595745300d3bf46be8e5ec06d3443f) Importer(815301076,1909f56bfc062723c751e8b465ee728b)
Start importing Assets/NormalMap/Snow_01_NM.tif using Guid(a6595745300d3bf46be8e5ec06d3443f) Importer(815301076,1909f56bfc062723c751e8b465ee728b)  -> (artifact id: 'b025cf02a847653badad2fa14555b7cf') in 0.008421 seconds
  Import took 0.011817 seconds .

========================================================================
Received Import Request.
  Time since last request: 0.000349 seconds.
  path: Assets/NormalMap/Leaves_01_AO.tif
  artifactKey: Guid(0837a6fb4a7cdb8489757354d03ca83c) Importer(815301076,1909f56bfc062723c751e8b465ee728b)
Start importing Assets/NormalMap/Leaves_01_AO.tif using Guid(0837a6fb4a7cdb8489757354d03ca83c) Importer(815301076,1909f56bfc062723c751e8b465ee728b)  -> (artifact id: 'ec5ac7770b3f47facc4b0d0523afcc79') in 0.009922 seconds
  Import took 0.014420 seconds .

========================================================================
Received Import Request.
  Time since last request: 0.000186 seconds.
  path: Assets/NormalMap/W131.png
  artifactKey: Guid(fb89c940ebf922640b17946906225cd7) Importer(815301076,1909f56bfc062723c751e8b465ee728b)
Start importing Assets/NormalMap/W131.png using Guid(fb89c940ebf922640b17946906225cd7) Importer(815301076,1909f56bfc062723c751e8b465ee728b)  -> (artifact id: '9aa3e26aefc1f8c1ba2fbc0d8960f3a3') in 0.009180 seconds
  Import took 0.012838 seconds .

========================================================================
Received Import Request.
  Time since last request: 0.000176 seconds.
  path: Assets/NormalMap/drops-normal.jpg
  artifactKey: Guid(2b25936bc09d940709221f3761a0852e) Importer(815301076,1909f56bfc062723c751e8b465ee728b)
Start importing Assets/NormalMap/drops-normal.jpg using Guid(2b25936bc09d940709221f3761a0852e) Importer(815301076,1909f56bfc062723c751e8b465ee728b)  -> (artifact id: 'ccdd8ca053bb3459d0b9a85e856671c7') in 0.007834 seconds
  Import took 0.010921 seconds .

========================================================================
Received Import Request.
  Time since last request: 0.000270 seconds.
  path: Assets/NormalMap/rocks-normal.jpg
  artifactKey: Guid(8be7b33315bf14ae383d81610c01daeb) Importer(815301076,1909f56bfc062723c751e8b465ee728b)
Start importing Assets/NormalMap/rocks-normal.jpg using Guid(8be7b33315bf14ae383d81610c01daeb) Importer(815301076,1909f56bfc062723c751e8b465ee728b)  -> (artifact id: 'a759b512cb7cc9ec966b1374ccc657a4') in 0.013132 seconds
  Import took 0.016620 seconds .

========================================================================
Received Import Request.
  Time since last request: 0.000267 seconds.
  path: Assets/NormalMap/Leaves_01_NM.tif
  artifactKey: Guid(591236735961abb45ba72a0217384de9) Importer(815301076,1909f56bfc062723c751e8b465ee728b)
Start importing Assets/NormalMap/Leaves_01_NM.tif using Guid(591236735961abb45ba72a0217384de9) Importer(815301076,1909f56bfc062723c751e8b465ee728b)  -> (artifact id: '697077aa3e636f8c0a53f30c52f77083') in 0.009608 seconds
  Import took 0.013295 seconds .

========================================================================
Received Import Request.
  Time since last request: 0.000247 seconds.
  path: Assets/NormalMap/Leaves_01_Roughness.tif
  artifactKey: Guid(bb0942bff8d0a95468864fa36a58a864) Importer(815301076,1909f56bfc062723c751e8b465ee728b)
Start importing Assets/NormalMap/Leaves_01_Roughness.tif using Guid(bb0942bff8d0a95468864fa36a58a864) Importer(815301076,1909f56bfc062723c751e8b465ee728b)  -> (artifact id: 'ca6b51339c6fea2d04a8328e2f090bf2') in 0.007920 seconds
  Import took 0.011517 seconds .

========================================================================
Received Import Request.
  Time since last request: 0.000274 seconds.
  path: Assets/NormalMap/Snow_01_Roughness.tif
  artifactKey: Guid(7fcd813c217d4174fbda0c6964bec442) Importer(815301076,1909f56bfc062723c751e8b465ee728b)
Start importing Assets/NormalMap/Snow_01_Roughness.tif using Guid(7fcd813c217d4174fbda0c6964bec442) Importer(815301076,1909f56bfc062723c751e8b465ee728b)  -> (artifact id: 'f574ac02ef490670846cee85a5dd3c07') in 0.015886 seconds
  Import took 0.019623 seconds .

========================================================================
Received Import Request.
  Time since last request: 0.000223 seconds.
  path: Assets/NormalMap/P010.png
  artifactKey: Guid(3ee8ee288ed53d74e8acf2b50e602448) Importer(815301076,1909f56bfc062723c751e8b465ee728b)
Start importing Assets/NormalMap/P010.png using Guid(3ee8ee288ed53d74e8acf2b50e602448) Importer(815301076,1909f56bfc062723c751e8b465ee728b)  -> (artifact id: 'f61129ca1675901803f7d1ce61e7be18') in 0.006249 seconds
  Import took 0.009482 seconds .

========================================================================
Received Import Request.
  Time since last request: 0.000184 seconds.
  path: Assets/NormalMap/Snow_02_Height.tif
  artifactKey: Guid(0d74ba26beb019f459a837efcbe89407) Importer(815301076,1909f56bfc062723c751e8b465ee728b)
Start importing Assets/NormalMap/Snow_02_Height.tif using Guid(0d74ba26beb019f459a837efcbe89407) Importer(815301076,1909f56bfc062723c751e8b465ee728b)  -> (artifact id: '04d1026e0f77ebdbb292ae68f63ec131') in 0.008279 seconds
  Import took 0.011666 seconds .

========================================================================
Received Import Request.
  Time since last request: 0.000318 seconds.
  path: Assets/NormalMap/Snow_01_Height.tif
  artifactKey: Guid(25618ba71f7f2c540b22b5ddd5474467) Importer(815301076,1909f56bfc062723c751e8b465ee728b)
Start importing Assets/NormalMap/Snow_01_Height.tif using Guid(25618ba71f7f2c540b22b5ddd5474467) Importer(815301076,1909f56bfc062723c751e8b465ee728b)  -> (artifact id: 'cb049f259074bd2e6fec28c07af8c36b') in 0.009634 seconds
  Import took 0.013970 seconds .

========================================================================
Received Import Request.
  Time since last request: 0.000264 seconds.
  path: Assets/NormalMap/Snow_02_Roughness.tif
  artifactKey: Guid(1f59e33bed507474a9fab4187fe21831) Importer(815301076,1909f56bfc062723c751e8b465ee728b)
Start importing Assets/NormalMap/Snow_02_Roughness.tif using Guid(1f59e33bed507474a9fab4187fe21831) Importer(815301076,1909f56bfc062723c751e8b465ee728b)  -> (artifact id: '5990d08d30b208ae4743d7cacee1e08d') in 0.009372 seconds
  Import took 0.014074 seconds .

========================================================================
Received Import Request.
  Time since last request: 0.000207 seconds.
  path: Assets/NormalMap/W095.png
  artifactKey: Guid(966272cfb73421344bc139d597a40c12) Importer(815301076,1909f56bfc062723c751e8b465ee728b)
Start importing Assets/NormalMap/W095.png using Guid(966272cfb73421344bc139d597a40c12) Importer(815301076,1909f56bfc062723c751e8b465ee728b)  -> (artifact id: '4765a2b26a7a77b7d71df862726ff65f') in 0.006920 seconds
  Import took 0.010832 seconds .

========================================================================
Received Import Request.
  Time since last request: 0.000595 seconds.
  path: Assets/NormalMap/W077.png
  artifactKey: Guid(b3948b3c29cea0b45ad60b63ee1ddf16) Importer(815301076,1909f56bfc062723c751e8b465ee728b)
Start importing Assets/NormalMap/W077.png using Guid(b3948b3c29cea0b45ad60b63ee1ddf16) Importer(815301076,1909f56bfc062723c751e8b465ee728b)  -> (artifact id: 'b7ccae4498d3dbbf3b51255e6a91bcef') in 0.013010 seconds
  Import took 0.017583 seconds .

========================================================================
Received Import Request.
  Time since last request: 0.000284 seconds.
  path: Assets/NormalMap/Leaves_02_Roughness.tif
  artifactKey: Guid(40392b5eaaa584642811c55f432953a7) Importer(815301076,1909f56bfc062723c751e8b465ee728b)
Start importing Assets/NormalMap/Leaves_02_Roughness.tif using Guid(40392b5eaaa584642811c55f432953a7) Importer(815301076,1909f56bfc062723c751e8b465ee728b)  -> (artifact id: '30515d7e73fd92d94bd35c8a5dc97451') in 0.009329 seconds
  Import took 0.013501 seconds .

========================================================================
Received Import Request.
  Time since last request: 0.000238 seconds.
  path: Assets/NormalMap/W044.png
  artifactKey: Guid(b98528666470a1c44a10f6767bb3edc6) Importer(815301076,1909f56bfc062723c751e8b465ee728b)
Start importing Assets/NormalMap/W044.png using Guid(b98528666470a1c44a10f6767bb3edc6) Importer(815301076,1909f56bfc062723c751e8b465ee728b)  -> (artifact id: '41b0fdb08fa031c82aff2c803908cbb8') in 0.007347 seconds
  Import took 0.011328 seconds .

========================================================================
Received Import Request.
  Time since last request: 0.000257 seconds.
  path: Assets/NormalMap/Snow_04_Albedo.tif
  artifactKey: Guid(d1f54771a38417f47882006599f7a155) Importer(815301076,1909f56bfc062723c751e8b465ee728b)
Start importing Assets/NormalMap/Snow_04_Albedo.tif using Guid(d1f54771a38417f47882006599f7a155) Importer(815301076,1909f56bfc062723c751e8b465ee728b)  -> (artifact id: '721e2cf32cc4d58f6de3f4254cacc7bd') in 0.015570 seconds
  Import took 0.019099 seconds .

========================================================================
Received Import Request.
  Time since last request: 0.000177 seconds.
  path: Assets/NormalMap/W128_rough3.png
  artifactKey: Guid(64d0b08492106dd4b904acaffddcdd71) Importer(815301076,1909f56bfc062723c751e8b465ee728b)
Start importing Assets/NormalMap/W128_rough3.png using Guid(64d0b08492106dd4b904acaffddcdd71) Importer(815301076,1909f56bfc062723c751e8b465ee728b)  -> (artifact id: '71ffc55c6219eeb4427a0b554f091fb6') in 0.008680 seconds
  Import took 0.011998 seconds .

========================================================================
Received Import Request.
  Time since last request: 0.000179 seconds.
  path: Assets/NormalMap/Leaves_01_Albedo.tif
  artifactKey: Guid(4d4cb005d39cb18438664d3190f58201) Importer(815301076,1909f56bfc062723c751e8b465ee728b)
Start importing Assets/NormalMap/Leaves_01_Albedo.tif using Guid(4d4cb005d39cb18438664d3190f58201) Importer(815301076,1909f56bfc062723c751e8b465ee728b)  -> (artifact id: 'cfcf087895505972ed2fd7a443b94b7b') in 0.009785 seconds
  Import took 0.012978 seconds .

========================================================================
Received Import Request.
  Time since last request: 0.000231 seconds.
  path: Assets/NormalMap/Snow_04_AO.tif
  artifactKey: Guid(8c7c1d82b6d1864418f37459f67e55b2) Importer(815301076,1909f56bfc062723c751e8b465ee728b)
Start importing Assets/NormalMap/Snow_04_AO.tif using Guid(8c7c1d82b6d1864418f37459f67e55b2) Importer(815301076,1909f56bfc062723c751e8b465ee728b)  -> (artifact id: '13b2ccafda14ec11680fd5bdb4a4cd23') in 0.014038 seconds
  Import took 0.017475 seconds .

========================================================================
Received Import Request.
  Time since last request: 0.000200 seconds.
  path: Assets/NormalMap/W123_soft.png
  artifactKey: Guid(7425fe2e09bb9184ba8e7845901f842b) Importer(815301076,1909f56bfc062723c751e8b465ee728b)
Start importing Assets/NormalMap/W123_soft.png using Guid(7425fe2e09bb9184ba8e7845901f842b) Importer(815301076,1909f56bfc062723c751e8b465ee728b)  -> (artifact id: '0e3a751a7c47018cd4f73fe9227aa476') in 0.006942 seconds
  Import took 0.010329 seconds .

========================================================================
Received Import Request.
  Time since last request: 0.000268 seconds.
  path: Assets/NormalMap/W010_RE2.png
  artifactKey: Guid(3e5939592f4873b42949eba0943abfcf) Importer(815301076,1909f56bfc062723c751e8b465ee728b)
Start importing Assets/NormalMap/W010_RE2.png using Guid(3e5939592f4873b42949eba0943abfcf) Importer(815301076,1909f56bfc062723c751e8b465ee728b)  -> (artifact id: '070d4b5b101b94644fe0435076688799') in 0.007701 seconds
  Import took 0.010959 seconds .

========================================================================
Received Import Request.
  Time since last request: 0.000188 seconds.
  path: Assets/NormalMap/snow-normal.jpg
  artifactKey: Guid(4359212ee566e49019edde6301cb4fd7) Importer(815301076,1909f56bfc062723c751e8b465ee728b)
Start importing Assets/NormalMap/snow-normal.jpg using Guid(4359212ee566e49019edde6301cb4fd7) Importer(815301076,1909f56bfc062723c751e8b465ee728b)  -> (artifact id: '54bec73e97850a6d611957c199d230bf') in 0.012333 seconds
  Import took 0.015661 seconds .

========================================================================
Received Import Request.
  Time since last request: 0.000194 seconds.
  path: Assets/NormalMap/H012_rough.png
  artifactKey: Guid(55f3119a9a53b2c46bcddba18a4ec053) Importer(815301076,1909f56bfc062723c751e8b465ee728b)
Start importing Assets/NormalMap/H012_rough.png using Guid(55f3119a9a53b2c46bcddba18a4ec053) Importer(815301076,1909f56bfc062723c751e8b465ee728b)  -> (artifact id: '015968f63efddb56e619100857a63537') in 0.008818 seconds
  Import took 0.012038 seconds .

========================================================================
Received Import Request.
  Time since last request: 0.000203 seconds.
  path: Assets/NormalMap/sand-normal.jpg
  artifactKey: Guid(4f34d7608603b4f8b8a9e32c58994c80) Importer(815301076,1909f56bfc062723c751e8b465ee728b)
Start importing Assets/NormalMap/sand-normal.jpg using Guid(4f34d7608603b4f8b8a9e32c58994c80) Importer(815301076,1909f56bfc062723c751e8b465ee728b)  -> (artifact id: '4c4619bfbac4257fffd48732e73916e0') in 0.007200 seconds
  Import took 0.010153 seconds .

========================================================================
Received Import Request.
  Time since last request: 0.000248 seconds.
  path: Assets/NormalMap/Leaves_02_NM.tif
  artifactKey: Guid(f10717c9449caa04f99dfd2d1fcee7c9) Importer(815301076,1909f56bfc062723c751e8b465ee728b)
Start importing Assets/NormalMap/Leaves_02_NM.tif using Guid(f10717c9449caa04f99dfd2d1fcee7c9) Importer(815301076,1909f56bfc062723c751e8b465ee728b)  -> (artifact id: 'c678609e9d59829b9c02849cd9782d92') in 0.012718 seconds
  Import took 0.017549 seconds .

========================================================================
Received Import Request.
  Time since last request: 0.000201 seconds.
  path: Assets/NormalMap/Snow_01_Mask.tif
  artifactKey: Guid(607ab2f3a42cc5a4aa3359f23f01eb8e) Importer(815301076,1909f56bfc062723c751e8b465ee728b)
Start importing Assets/NormalMap/Snow_01_Mask.tif using Guid(607ab2f3a42cc5a4aa3359f23f01eb8e) Importer(815301076,1909f56bfc062723c751e8b465ee728b)  -> (artifact id: '7deac62e7e2823d9b7b0ffc90d44fb5a') in 0.009348 seconds
  Import took 0.012659 seconds .

========================================================================
Received Import Request.
  Time since last request: 0.000226 seconds.
  path: Assets/NormalMap/Snow_03_Height.tif
  artifactKey: Guid(d7fa954afa8e35f4fa920d417e4afc72) Importer(815301076,1909f56bfc062723c751e8b465ee728b)
Start importing Assets/NormalMap/Snow_03_Height.tif using Guid(d7fa954afa8e35f4fa920d417e4afc72) Importer(815301076,1909f56bfc062723c751e8b465ee728b)  -> (artifact id: '1c99b8ce9c98c09c671211357f9a635f') in 0.010264 seconds
  Import took 0.014061 seconds .

========================================================================
Received Import Request.
  Time since last request: 0.000219 seconds.
  path: Assets/NormalMap/Snow_03_AO.tif
  artifactKey: Guid(364f017c221dd064b89b81d1102200e7) Importer(815301076,1909f56bfc062723c751e8b465ee728b)
Start importing Assets/NormalMap/Snow_03_AO.tif using Guid(364f017c221dd064b89b81d1102200e7) Importer(815301076,1909f56bfc062723c751e8b465ee728b)  -> (artifact id: '1876b7ff5899b8b896bfbdb4e58a4710') in 0.012404 seconds
  Import took 0.016186 seconds .

========================================================================
Received Import Request.
  Time since last request: 0.000203 seconds.
  path: Assets/NormalMap/Snow_04_Height.tif
  artifactKey: Guid(70592c46bdbd27a4bbc80970738188cd) Importer(815301076,1909f56bfc062723c751e8b465ee728b)
Start importing Assets/NormalMap/Snow_04_Height.tif using Guid(70592c46bdbd27a4bbc80970738188cd) Importer(815301076,1909f56bfc062723c751e8b465ee728b)  -> (artifact id: '64826cc748613702127984e3ac9fe6c6') in 0.010426 seconds
  Import took 0.013529 seconds .

========================================================================
Received Import Request.
  Time since last request: 0.000252 seconds.
  path: Assets/NormalMap/W015.png
  artifactKey: Guid(bd998c1b2323a944cb414fa11c5eb84f) Importer(815301076,1909f56bfc062723c751e8b465ee728b)
Start importing Assets/NormalMap/W015.png using Guid(bd998c1b2323a944cb414fa11c5eb84f) Importer(815301076,1909f56bfc062723c751e8b465ee728b)  -> (artifact id: '29c9e246950aca716cca1ce06c923192') in 0.007764 seconds
  Import took 0.011049 seconds .

========================================================================
Received Import Request.
  Time since last request: 0.000210 seconds.
  path: Assets/NormalMap/Snow_02_Albedo.tif
  artifactKey: Guid(e34755d2da20cb548acbd2e2486c765a) Importer(815301076,1909f56bfc062723c751e8b465ee728b)
Start importing Assets/NormalMap/Snow_02_Albedo.tif using Guid(e34755d2da20cb548acbd2e2486c765a) Importer(815301076,1909f56bfc062723c751e8b465ee728b)  -> (artifact id: '9d87ba61b8471cf7aadf86630cb393bc') in 0.014114 seconds
  Import took 0.017765 seconds .

========================================================================
Received Import Request.
  Time since last request: 0.000302 seconds.
  path: Assets/NormalMap/Snow_03_NM.tif
  artifactKey: Guid(4d746d79a0f06b344a5670306182083c) Importer(815301076,1909f56bfc062723c751e8b465ee728b)
Start importing Assets/NormalMap/Snow_03_NM.tif using Guid(4d746d79a0f06b344a5670306182083c) Importer(815301076,1909f56bfc062723c751e8b465ee728b)  -> (artifact id: '5b49759c3a45d724befc7dbe47840e21') in 0.008175 seconds
  Import took 0.011581 seconds .

========================================================================
Received Import Request.
  Time since last request: 0.000274 seconds.
  path: Assets/NormalMap/Snow_04_NM.tif
  artifactKey: Guid(84dd8cf8003ffb041b6c870919c80c77) Importer(815301076,1909f56bfc062723c751e8b465ee728b)
Start importing Assets/NormalMap/Snow_04_NM.tif using Guid(84dd8cf8003ffb041b6c870919c80c77) Importer(815301076,1909f56bfc062723c751e8b465ee728b)  -> (artifact id: '98fe15ac8946beeeb4916be6d4a854c2') in 0.007903 seconds
  Import took 0.011154 seconds .

========================================================================
Received Import Request.
  Time since last request: 0.000192 seconds.
  path: Assets/NormalMap/Leaves_01_Mask.tif
  artifactKey: Guid(bbe22ccd8d9c16442a55f1b9d7ea8640) Importer(815301076,1909f56bfc062723c751e8b465ee728b)
Start importing Assets/NormalMap/Leaves_01_Mask.tif using Guid(bbe22ccd8d9c16442a55f1b9d7ea8640) Importer(815301076,1909f56bfc062723c751e8b465ee728b)  -> (artifact id: 'fdc6956fd244754ddbd380d065a156d7') in 0.013761 seconds
  Import took 0.017875 seconds .

========================================================================
Received Import Request.
  Time since last request: 0.000178 seconds.
  path: Assets/NormalMap/Snow_02_NM.tif
  artifactKey: Guid(76c8b572106840645867bd49e71284ef) Importer(815301076,1909f56bfc062723c751e8b465ee728b)
Start importing Assets/NormalMap/Snow_02_NM.tif using Guid(76c8b572106840645867bd49e71284ef) Importer(815301076,1909f56bfc062723c751e8b465ee728b)  -> (artifact id: '4b8104d84de15660cf4ad7ac1c8ae00d') in 0.009684 seconds
  Import took 0.012785 seconds .

========================================================================
Received Prepare
Registering precompiled user dll's ...
Registered in 0.001398 seconds.
Begin MonoManager ReloadAssembly
Native extension for OSXStandalone target not found
Native extension for WebGL target not found
Refreshing native plugins compatible for Editor in 0.48 ms, found 1 plugins.
Preloading 0 native plugins for Editor in 0.00 ms.
Invoked RoslynAnalysisRunner static constructor.
RoslynAnalysisRunner will not be running.
RoslynAnalysisRunner has terminated.
Mono: successfully reloaded assembly
- Completed reload, in  0.967 seconds
Platform modules already initialized, skipping
Shader 'Universal Render Pipeline/Particles/Lit': fallback shader 'Universal Render Pipeline/Particles/SimpleLit' not found
Refreshing native plugins compatible for Editor in 0.46 ms, found 1 plugins.
Preloading 0 native plugins for Editor in 0.00 ms.
Unloading 2162 Unused Serialized files (Serialized files now loaded: 0)
System memory in use before: 229.8 MB.
System memory in use after: 229.6 MB.

Unloading 11 unused Assets to reduce memory usage. Loaded Objects now: 2744.
Total: 2.552315 ms (FindLiveObjects: 0.360942 ms CreateObjectMapping: 0.087188 ms MarkObjects: 1.567827 ms  DeleteObjects: 0.534650 ms)

========================================================================
Received Import Request.
  Time since last request: 5.158307 seconds.
  path: Assets/Models/FPSNetworkPlayerController.prefab
  artifactKey: Guid(5e9e851c0e142814dac026a256ba2ac0) Importer(815301076,1909f56bfc062723c751e8b465ee728b)
Start importing Assets/Models/FPSNetworkPlayerController.prefab using Guid(5e9e851c0e142814dac026a256ba2ac0) Importer(815301076,1909f56bfc062723c751e8b465ee728b)  -> (artifact id: 'df98cb9239bf228be061d9e63b6ab777') in 0.136965 seconds
  Import took 0.142527 seconds .

========================================================================
Received Prepare
Registering precompiled user dll's ...
Registered in 0.001273 seconds.
Begin MonoManager ReloadAssembly
Native extension for OSXStandalone target not found
Native extension for WebGL target not found
Refreshing native plugins compatible for Editor in 0.65 ms, found 1 plugins.
Preloading 0 native plugins for Editor in 0.00 ms.
Invoked RoslynAnalysisRunner static constructor.
RoslynAnalysisRunner will not be running.
RoslynAnalysisRunner has terminated.
Mono: successfully reloaded assembly
- Completed reload, in  0.883 seconds
Platform modules already initialized, skipping
Shader 'Universal Render Pipeline/Particles/Lit': fallback shader 'Universal Render Pipeline/Particles/SimpleLit' not found
Refreshing native plugins compatible for Editor in 0.51 ms, found 1 plugins.
Preloading 0 native plugins for Editor in 0.00 ms.
Unloading 2162 Unused Serialized files (Serialized files now loaded: 0)
System memory in use before: 230.1 MB.
System memory in use after: 229.9 MB.

Unloading 11 unused Assets to reduce memory usage. Loaded Objects now: 2747.
Total: 2.283504 ms (FindLiveObjects: 0.272066 ms CreateObjectMapping: 0.110632 ms MarkObjects: 1.390246 ms  DeleteObjects: 0.508903 ms)

========================================================================
Received Prepare
Registering precompiled user dll's ...
Registered in 0.001389 seconds.
Begin MonoManager ReloadAssembly
Native extension for OSXStandalone target not found
Native extension for WebGL target not found
Refreshing native plugins compatible for Editor in 0.52 ms, found 1 plugins.
Preloading 0 native plugins for Editor in 0.00 ms.
Invoked RoslynAnalysisRunner static constructor.
RoslynAnalysisRunner will not be running.
RoslynAnalysisRunner has terminated.
Mono: successfully reloaded assembly
- Completed reload, in  0.899 seconds
Platform modules already initialized, skipping
Shader 'Universal Render Pipeline/Particles/Lit': fallback shader 'Universal Render Pipeline/Particles/SimpleLit' not found
Refreshing native plugins compatible for Editor in 0.40 ms, found 1 plugins.
Preloading 0 native plugins for Editor in 0.00 ms.
Unloading 2162 Unused Serialized files (Serialized files now loaded: 0)
System memory in use before: 230.3 MB.
System memory in use after: 230.1 MB.

Unloading 11 unused Assets to reduce memory usage. Loaded Objects now: 2749.
Total: 3.960847 ms (FindLiveObjects: 0.474481 ms CreateObjectMapping: 0.205722 ms MarkObjects: 2.594721 ms  DeleteObjects: 0.683936 ms)

========================================================================
Received Import Request.
  Time since last request: 691.013779 seconds.
  path: Assets/Models/FPSNetworkPlayerController.prefab
  artifactKey: Guid(5e9e851c0e142814dac026a256ba2ac0) Importer(815301076,1909f56bfc062723c751e8b465ee728b)
Start importing Assets/Models/FPSNetworkPlayerController.prefab using Guid(5e9e851c0e142814dac026a256ba2ac0) Importer(815301076,1909f56bfc062723c751e8b465ee728b)  -> (artifact id: '43c8b9024ec6ec882844aa89891847fa') in 0.112568 seconds
  Import took 0.118899 seconds .

========================================================================
Received Prepare
Registering precompiled user dll's ...
Registered in 0.001270 seconds.
Begin MonoManager ReloadAssembly
Native extension for OSXStandalone target not found
Native extension for WebGL target not found
Refreshing native plugins compatible for Editor in 0.69 ms, found 1 plugins.
Preloading 0 native plugins for Editor in 0.00 ms.
Invoked RoslynAnalysisRunner static constructor.
RoslynAnalysisRunner will not be running.
RoslynAnalysisRunner has terminated.
Mono: successfully reloaded assembly
- Completed reload, in  0.937 seconds
Platform modules already initialized, skipping
Shader 'Universal Render Pipeline/Particles/Lit': fallback shader 'Universal Render Pipeline/Particles/SimpleLit' not found
Refreshing native plugins compatible for Editor in 0.46 ms, found 1 plugins.
Preloading 0 native plugins for Editor in 0.00 ms.
Unloading 2162 Unused Serialized files (Serialized files now loaded: 0)
System memory in use before: 230.5 MB.
System memory in use after: 230.3 MB.

Unloading 11 unused Assets to reduce memory usage. Loaded Objects now: 2752.
Total: 2.327522 ms (FindLiveObjects: 0.231725 ms CreateObjectMapping: 0.084047 ms MarkObjects: 1.494101 ms  DeleteObjects: 0.516709 ms)

========================================================================
Received Prepare
Shader 'Universal Render Pipeline/Particles/Lit': fallback shader 'Universal Render Pipeline/Particles/SimpleLit' not found
Refreshing native plugins compatible for Editor in 1.31 ms, found 1 plugins.
Preloading 0 native plugins for Editor in 0.00 ms.
Unloading 10 Unused Serialized files (Serialized files now loaded: 0)
System memory in use before: 187.8 MB.
System memory in use after: 187.6 MB.

Unloading 9 unused Assets to reduce memory usage. Loaded Objects now: 2752.
Total: 2.499447 ms (FindLiveObjects: 0.298396 ms CreateObjectMapping: 0.088631 ms MarkObjects: 1.550928 ms  DeleteObjects: 0.560678 ms)

========================================================================
Received Prepare
Registering precompiled user dll's ...
Registered in 0.001832 seconds.
Begin MonoManager ReloadAssembly
Native extension for OSXStandalone target not found
Native extension for WebGL target not found
Refreshing native plugins compatible for Editor in 0.65 ms, found 1 plugins.
Preloading 0 native plugins for Editor in 0.00 ms.
Invoked RoslynAnalysisRunner static constructor.
RoslynAnalysisRunner will not be running.
RoslynAnalysisRunner has terminated.
Mono: successfully reloaded assembly
- Completed reload, in  2.058 seconds
Platform modules already initialized, skipping
Shader 'Universal Render Pipeline/Particles/Lit': fallback shader 'Universal Render Pipeline/Particles/SimpleLit' not found
Refreshing native plugins compatible for Editor in 1.20 ms, found 1 plugins.
Preloading 0 native plugins for Editor in 0.00 ms.
Unloading 2162 Unused Serialized files (Serialized files now loaded: 0)
System memory in use before: 230.8 MB.
System memory in use after: 230.6 MB.

Unloading 11 unused Assets to reduce memory usage. Loaded Objects now: 2754.
Total: 3.859089 ms (FindLiveObjects: 0.460250 ms CreateObjectMapping: 0.261458 ms MarkObjects: 2.464177 ms  DeleteObjects: 0.670907 ms)

